<?xml version="1.0" encoding="UTF-8"?>
<testng-results skipped="0" failed="0" ignored="0" total="1" passed="1">
  <reporter-output>
  </reporter-output>
  <suite name="Default suite" duration-ms="4009" started-at="2021-11-03T04:48:57Z" finished-at="2021-11-03T04:49:01Z">
    <groups>
    </groups>
    <test name="Default test" duration-ms="4009" started-at="2021-11-03T04:48:57Z" finished-at="2021-11-03T04:49:01Z">
      <class name="org.Facebook.FacebookLogin">
        <test-method status="PASS" signature="main()[pri:0, instance:org.Facebook.FacebookLogin@51e5fc98]" name="main" duration-ms="3972" started-at="2021-11-03T04:48:57Z" finished-at="2021-11-03T04:49:01Z">
          <reporter-output>
          </reporter-output>
        </test-method> <!-- main -->
      </class> <!-- org.Facebook.FacebookLogin -->
    </test> <!-- Default test -->
  </suite> <!-- Default suite -->
</testng-results>
